[elanta.app/nazar/starbelly-demo/home-1.html]
[elanta.app/nazar/starbelly-demo/img/ui/logo.ico]
[elanta.app/nazar/starbelly-demo/css/plugins/font-awesome.min.css]
[elanta.app/nazar/starbelly-demo/css/plugins/swiper.min.css]
[elanta.app/nazar/starbelly-demo/css/plugins/bootstrap.min.css]
[elanta.app/nazar/starbelly-demo/css/plugins/datepicker.css]
[elanta.app/nazar/starbelly-demo/css/plugins/mapbox-style.css]
[elanta.app/nazar/starbelly-demo/css/plugins/fancybox.min.css]
[backblue.gif]
[fade.gif]
[index.html]
[elanta.app/nazar/starbelly-demo/css/style.css]
[elanta.app/nazar/starbelly-demo/home-2.html]
[elanta.app/nazar/starbelly-demo/img/ui/logo.svg]
[elanta.app/nazar/starbelly-demo/about-1.html]
[elanta.app/nazar/starbelly-demo/about-2.html]
[elanta.app/nazar/starbelly-demo/blog-1.html]
[elanta.app/nazar/starbelly-demo/blog-2.html]
[elanta.app/nazar/starbelly-demo/blog-3.html]
[elanta.app/nazar/starbelly-demo/publication-1.html]
[elanta.app/nazar/starbelly-demo/publication-2.html]
[elanta.app/nazar/starbelly-demo/publication-3.html]
[elanta.app/nazar/starbelly-demo/gallery.html]
[elanta.app/nazar/starbelly-demo/gallery-2.html]
[elanta.app/nazar/starbelly-demo/reviews.html]
[elanta.app/nazar/starbelly-demo/reservation.html]
[elanta.app/nazar/starbelly-demo/faq.html]
[elanta.app/nazar/starbelly-demo/404.html]
[elanta.app/nazar/starbelly-demo/menu-1.html]
[elanta.app/nazar/starbelly-demo/menu-2.html]
[elanta.app/nazar/starbelly-demo/menu-3.html]
[elanta.app/nazar/starbelly-demo/menu-4.html]
[elanta.app/nazar/starbelly-demo/menu-5.html]
[elanta.app/nazar/starbelly-demo/menu-6.html]
[elanta.app/nazar/starbelly-demo/shop-1.html]
[elanta.app/nazar/starbelly-demo/shop-2.html]
[elanta.app/nazar/starbelly-demo/shop-list-1.html]
[elanta.app/nazar/starbelly-demo/shop-list-2.html]
[elanta.app/nazar/starbelly-demo/product.html]
[elanta.app/nazar/starbelly-demo/cart.html]
[elanta.app/nazar/starbelly-demo/checkout.html]
[elanta.app/nazar/starbelly-demo/contact.html]
[elanta.app/nazar/starbelly-demo/img/instagram/1.jpg]
[elanta.app/nazar/starbelly-demo/img/instagram/2.jpg]
[elanta.app/nazar/starbelly-demo/img/instagram/3.jpg]
[elanta.app/nazar/starbelly-demo/img/instagram/4.jpg]
[elanta.app/nazar/starbelly-demo/img/instagram/5.jpg]
[elanta.app/nazar/starbelly-demo/img/instagram/6.jpg]
[elanta.app/nazar/starbelly-demo/img/blog/1.jpg]
[elanta.app/nazar/starbelly-demo/img/blog/2.jpg]
[elanta.app/nazar/starbelly-demo/img/blog/3.jpg]
[elanta.app/nazar/starbelly-demo/img/menu/4.jpg]
[elanta.app/nazar/starbelly-demo/img/menu/1.jpg]
[elanta.app/nazar/starbelly-demo/img/menu/2.jpg]
[elanta.app/nazar/starbelly-demo/img/menu/3.jpg]
[elanta.app/nazar/starbelly-demo/img/menu/5.jpg]
[elanta.app/nazar/starbelly-demo/img/ui/icons/menu.svg]
[elanta.app/nazar/starbelly-demo/img/ui/icons/arrow.svg]
[elanta.app/nazar/starbelly-demo/img/illustrations/girl.png]
[elanta.app/nazar/starbelly-demo/img/illustrations/3.svg]
[elanta.app/nazar/starbelly-demo/img/illustrations/1.svg]
[elanta.app/nazar/starbelly-demo/img/illustrations/2.svg]
[elanta.app/nazar/starbelly-demo/img/illustrations/interior.jpg]
[elanta.app/nazar/starbelly-demo/img/categories/1.png]
[elanta.app/nazar/starbelly-demo/img/categories/2.png]
[elanta.app/nazar/starbelly-demo/img/categories/3.png]
[elanta.app/nazar/starbelly-demo/img/categories/4.png]
[elanta.app/nazar/starbelly-demo/img/menu/9.jpg]
[elanta.app/nazar/starbelly-demo/img/team/1.png]
[elanta.app/nazar/starbelly-demo/img/team/2.png]
[elanta.app/nazar/starbelly-demo/img/team/3.png]
[elanta.app/nazar/starbelly-demo/img/team/4.png]
[elanta.app/nazar/starbelly-demo/img/buttons/1.svg]
[elanta.app/nazar/starbelly-demo/img/buttons/2.svg]
[elanta.app/nazar/starbelly-demo/img/illustrations/phones.png]
[elanta.app/nazar/starbelly-demo/img/illustrations/cup.png]
[elanta.app/nazar/starbelly-demo/js/plugins/jquery.min.js]
[elanta.app/nazar/starbelly-demo/js/plugins/smooth-scroll.js]
[elanta.app/nazar/starbelly-demo/js/plugins/swup.min.js]
[elanta.app/nazar/starbelly-demo/js/plugins/datepicker.js]
[elanta.app/nazar/starbelly-demo/js/plugins/swiper.min.js]
[elanta.app/nazar/starbelly-demo/js/plugins/isotope.js]
[elanta.app/nazar/starbelly-demo/js/plugins/sticky.js]
[elanta.app/nazar/starbelly-demo/js/plugins/fancybox.min.js]
[elanta.app/nazar/starbelly-demo/home-1.html]
[elanta.app/nazar/starbelly-demo/js/main.js]
[elanta.app/nazar/starbelly-demo/fonts/webfonts/fa-brands-400.eot]
[elanta.app/nazar/starbelly-demo/fonts/webfonts/fa-brands-400d41d.eot]
[elanta.app/nazar/starbelly-demo/fonts/webfonts/fa-brands-400.woff2]
[elanta.app/nazar/starbelly-demo/js/plugins/mapbox.min.js]
[elanta.app/nazar/starbelly-demo/fonts/webfonts/fa-brands-400.woff]
[elanta.app/nazar/starbelly-demo/fonts/webfonts/fa-brands-400.ttf]
[elanta.app/nazar/starbelly-demo/fonts/webfonts/fa-regular-400.eot]
[elanta.app/nazar/starbelly-demo/fonts/webfonts/fa-regular-400d41d.eot]
[elanta.app/nazar/starbelly-demo/fonts/webfonts/fa-regular-400.woff2]
[elanta.app/nazar/starbelly-demo/fonts/webfonts/fa-regular-400.woff]
[elanta.app/nazar/starbelly-demo/fonts/webfonts/fa-regular-400.ttf]
[elanta.app/nazar/starbelly-demo/fonts/webfonts/fa-brands-400.svg]
[elanta.app/nazar/starbelly-demo/fonts/webfonts/fa-regular-400.svg]
[elanta.app/nazar/starbelly-demo/fonts/webfonts/fa-solid-900.eot]
[elanta.app/nazar/starbelly-demo/fonts/webfonts/fa-solid-900d41d.eot]
[elanta.app/nazar/starbelly-demo/fonts/webfonts/fa-solid-900.woff2]
[elanta.app/nazar/starbelly-demo/fonts/webfonts/fa-solid-900.woff]
[elanta.app/nazar/starbelly-demo/fonts/webfonts/fa-solid-900.ttf]
[elanta.app/nazar/starbelly-demo/css/plugins/font-awesome.min.css]
[elanta.app/nazar/starbelly-demo/css/plugins/bootstrap.min.css]
[elanta.app/nazar/starbelly-demo/css/plugins/swiper.min.css]
[elanta.app/nazar/starbelly-demo/css/plugins/datepicker.css]
[elanta.app/nazar/starbelly-demo/css/plugins/mapbox-style.css]
[elanta.app/nazar/starbelly-demo/css/plugins/fancybox.min.css]
[elanta.app/nazar/starbelly-demo/css/style.css]
[elanta.app/nazar/starbelly-demo/img/illustrations/1.png]
[elanta.app/nazar/starbelly-demo/img/illustrations/2.png]
[elanta.app/nazar/starbelly-demo/fonts/webfonts/fa-solid-900.svg]
[elanta.app/nazar/starbelly-demo/img/illustrations/3.png]
[elanta.app/nazar/starbelly-demo/img/gallery/2.jpg]
[elanta.app/nazar/starbelly-demo/img/ui/signature.png]
[elanta.app/nazar/starbelly-demo/img/ui/icons/dialog.svg]
[elanta.app/nazar/starbelly-demo/img/faces/1.jpg]
[elanta.app/nazar/starbelly-demo/img/faces/2.jpg]
[elanta.app/nazar/starbelly-demo/img/faces/3.jpg]
[elanta.app/nazar/starbelly-demo/img/faces/4.jpg]
[elanta.app/nazar/starbelly-demo/img/illustrations/delivery.png]
[elanta.app/nazar/starbelly-demo/img/illustrations/burger.png]
[elanta.app/nazar/starbelly-demo/home-2.html]
[elanta.app/nazar/starbelly-demo/img/ui/logo.svg]
[elanta.app/nazar/starbelly-demo/img/illustrations/interior-2.jpg]
[elanta.app/nazar/starbelly-demo/about-1.html]
[elanta.app/nazar/starbelly-demo/about-2.html]
[elanta.app/nazar/starbelly-demo/img/blog/4.jpg]
[elanta.app/nazar/starbelly-demo/img/blog/5.jpg]
[elanta.app/nazar/starbelly-demo/img/blog/6.jpg]
[elanta.app/nazar/starbelly-demo/blog-1.html]
[elanta.app/nazar/starbelly-demo/blog-2.html]
[elanta.app/nazar/starbelly-demo/blog-3.html]
[elanta.app/nazar/starbelly-demo/img/ui/icons/search.svg]
[elanta.app/nazar/starbelly-demo/img/blog/post-1.jpg]
[elanta.app/nazar/starbelly-demo/img/blog/post-2.jpg]
[elanta.app/nazar/starbelly-demo/img/blog/post-3.jpg]
[elanta.app/nazar/starbelly-demo/img/blog/post-4.jpg]
[elanta.app/nazar/starbelly-demo/img/blog/post-5.jpg]
[elanta.app/nazar/starbelly-demo/img/blog/post-6.jpg]
[elanta.app/nazar/starbelly-demo/publication-1.html]
[elanta.app/nazar/starbelly-demo/publication-2.html]
[elanta.app/nazar/starbelly-demo/publication-3.html]
[elanta.app/nazar/starbelly-demo/img/gallery/1.jpg]
[elanta.app/nazar/starbelly-demo/img/gallery/3.jpg]
[elanta.app/nazar/starbelly-demo/img/gallery/4.jpg]
[elanta.app/nazar/starbelly-demo/img/gallery/5.jpg]
[elanta.app/nazar/starbelly-demo/img/gallery/6.jpg]
[elanta.app/nazar/starbelly-demo/img/gallery/7.jpg]
[elanta.app/nazar/starbelly-demo/img/gallery/8.jpg]
[elanta.app/nazar/starbelly-demo/img/gallery/9.jpg]
[elanta.app/nazar/starbelly-demo/img/gallery/10.jpg]
[elanta.app/nazar/starbelly-demo/img/gallery/11.jpg]
[elanta.app/nazar/starbelly-demo/img/gallery/12.jpg]
[elanta.app/nazar/starbelly-demo/gallery.html]
[elanta.app/nazar/starbelly-demo/gallery-2.html]
[elanta.app/nazar/starbelly-demo/reviews.html]
[elanta.app/nazar/starbelly-demo/gallery-1.html]
[elanta.app/nazar/starbelly-demo/img/illustrations/reservation.png]
[elanta.app/nazar/starbelly-demo/img/ui/success.jpg]
[elanta.app/nazar/starbelly-demo/reservation.html]
[elanta.app/nazar/starbelly-demo/faq.html]
[elanta.app/nazar/starbelly-demo/img/ui/icons/arrow-2.svg]
[elanta.app/nazar/starbelly-demo/img/illustrations/man.png]
[elanta.app/nazar/starbelly-demo/404.html]
[elanta.app/nazar/starbelly-demo/img/menu/6.jpg]
[elanta.app/nazar/starbelly-demo/img/menu/7.jpg]
[elanta.app/nazar/starbelly-demo/img/menu/8.jpg]
[elanta.app/nazar/starbelly-demo/img/menu/10.jpg]
[elanta.app/nazar/starbelly-demo/img/menu/11.jpg]
[elanta.app/nazar/starbelly-demo/img/menu/12.jpg]
[elanta.app/nazar/starbelly-demo/img/menu/15.jpg]
[elanta.app/nazar/starbelly-demo/img/menu/14.jpg]
[elanta.app/nazar/starbelly-demo/menu-1.html]
[elanta.app/nazar/starbelly-demo/img/illustrations/burger-2.png]
[elanta.app/nazar/starbelly-demo/menu-2.html]
[elanta.app/nazar/starbelly-demo/menu-3.html]
[elanta.app/nazar/starbelly-demo/menu-4.html]
[elanta.app/nazar/starbelly-demo/menu-5.html]
[elanta.app/nazar/starbelly-demo/menu-6.html]
[elanta.app/nazar/starbelly-demo/shop-1.html]
[elanta.app/nazar/starbelly-demo/shop-2.html]
[elanta.app/nazar/starbelly-demo/shop-list-1.html]
[elanta.app/nazar/starbelly-demo/shop-list-2.html]
[elanta.app/nazar/starbelly-demo/product.html]
[elanta.app/nazar/starbelly-demo/cart.html]
[elanta.app/nazar/starbelly-demo/checkout.html]
[elanta.app/nazar/starbelly-demo/img/illustrations/envelope-1.png]
[elanta.app/nazar/starbelly-demo/img/illustrations/envelope-2.png]
[elanta.app/nazar/starbelly-demo/contact.html]
[elanta.app/nazar/starbelly-demo/img/ui/icons/cart.svg]
[elanta.app/nazar/starbelly-demo/img/ui/icons/menu.svg]
[elanta.app/nazar/starbelly-demo/img/ui/icons/arrow.svg]
[elanta.app/nazar/starbelly-demo/img/illustrations/3.svg]
[elanta.app/nazar/starbelly-demo/img/illustrations/1.svg]
[elanta.app/nazar/starbelly-demo/img/illustrations/2.svg]
[elanta.app/nazar/starbelly-demo/img/buttons/1.svg]
[elanta.app/nazar/starbelly-demo/img/buttons/2.svg]
[elanta.app/nazar/starbelly-demo/fonts/webfonts/fa-brands-400.svg]
[elanta.app/nazar/starbelly-demo/fonts/webfonts/fa-regular-400.svg]
[elanta.app/nazar/starbelly-demo/fonts/webfonts/fa-solid-900.svg]
[elanta.app/nazar/starbelly-demo/img/ui/icons/dialog.svg]
[elanta.app/nazar/starbelly-demo/img/ui/icons/play.svg]
[elanta.app/nazar/starbelly-demo/img/ui/icons/search.svg]
[elanta.app/nazar/starbelly-demo/img/ui/icons/zoom.svg]
[elanta.app/nazar/starbelly-demo/img/logo.svg]
[elanta.app/nazar/starbelly-demo/img/illustrations/il1.png]
[elanta.app/nazar/starbelly-demo/img/illustrations/il2.png]
[elanta.app/nazar/starbelly-demo/img/icons/i1.svg]
[elanta.app/nazar/starbelly-demo/img/icons/i2.svg]
[elanta.app/nazar/starbelly-demo/img/icons/i3.svg]
[elanta.app/nazar/starbelly-demo/img/products/5.png]
[elanta.app/nazar/starbelly-demo/img/products/5(2).png]
[elanta.app/nazar/starbelly-demo/img/products/5(3).png]
[elanta.app/nazar/starbelly-demo/img/products/5(4).png]
[elanta.app/nazar/starbelly-demo/img/products/6.png]
[elanta.app/nazar/starbelly-demo/img/products/7.png]
[elanta.app/nazar/starbelly-demo/img/products/8.png]
[elanta.app/nazar/starbelly-demo/img/products/9.png]
[elanta.app/nazar/starbelly-demo/img/products/10.png]
[elanta.app/nazar/starbelly-demo/img/products/11.png]
[elanta.app/nazar/starbelly-demo/img/products/12.png]
[elanta.app/nazar/starbelly-demo/img/map.svg]
[elanta.app/nazar/starbelly-demo/img/faces/1.png]
[elanta.app/nazar/starbelly-demo/img/faces/2.png]
[elanta.app/nazar/starbelly-demo/img/faces/3.png]
[elanta.app/nazar/starbelly-demo/img/faces/4.png]
[elanta.app/nazar/starbelly-demo/img/faces/5.png]
[elanta.app/nazar/starbelly-demo/img/faces/6.png]
[elanta.app/nazar/starbelly-demo/img/faces/7.png]
[elanta.app/nazar/starbelly-demo/img/faces/8.png]
[elanta.app/nazar/starbelly-demo/img/thank-icon.svg]
[elanta.app/nazar/starbelly-demo/img/illustrations/il3.png]
[elanta.app/nazar/starbelly-demo/img/logo-white.svg]
[elanta.app/nazar/starbelly-demo/gallery-1.html]
[elanta.app/nazar/starbelly-demo/img/ui/icons/arrow-2.svg]
[elanta.app/nazar/starbelly-demo/img/logo.html]
[elanta.app/nazar/starbelly-demo/img/illustrations/il1.html]
[elanta.app/nazar/starbelly-demo/img/illustrations/il2.html]
[elanta.app/nazar/starbelly-demo/img/icons/i1.html]
[elanta.app/nazar/starbelly-demo/img/icons/i2.html]
[elanta.app/nazar/starbelly-demo/img/icons/i3.html]
[elanta.app/nazar/starbelly-demo/img/products/5.html]
[elanta.app/nazar/starbelly-demo/img/products/5(2).html]
[elanta.app/nazar/starbelly-demo/img/products/5(3).html]
[elanta.app/nazar/starbelly-demo/img/products/5(4).html]
[elanta.app/nazar/starbelly-demo/img/products/6.html]
[elanta.app/nazar/starbelly-demo/img/products/7.html]
[elanta.app/nazar/starbelly-demo/img/products/8.html]
[elanta.app/nazar/starbelly-demo/img/products/9.html]
[elanta.app/nazar/starbelly-demo/img/products/10.html]
[elanta.app/nazar/starbelly-demo/img/products/11.html]
[elanta.app/nazar/starbelly-demo/img/products/12.html]
[elanta.app/nazar/starbelly-demo/img/map.html]
[elanta.app/nazar/starbelly-demo/img/faces/1.html]
[elanta.app/nazar/starbelly-demo/img/faces/2.html]
[elanta.app/nazar/starbelly-demo/img/faces/3.html]
[elanta.app/nazar/starbelly-demo/img/faces/4.html]
[elanta.app/nazar/starbelly-demo/img/faces/5.html]
[elanta.app/nazar/starbelly-demo/img/faces/6.html]
[elanta.app/nazar/starbelly-demo/img/faces/7.html]
[elanta.app/nazar/starbelly-demo/img/faces/8.html]
[elanta.app/nazar/starbelly-demo/img/thank-icon.html]
[elanta.app/nazar/starbelly-demo/img/illustrations/il3.html]
[elanta.app/nazar/starbelly-demo/img/logo-white.html]
